
thbase_IMPORTS_start
I_CreateThread
I_StartThread
I_ExitDeleteThread
I_DelayThread
I_WakeupThread
I_SetAlarm
I_USec2SysClock
I_GetThreadId 
thbase_IMPORTS_end

stdio_IMPORTS_start
I_printf
stdio_IMPORTS_end

sysclib_IMPORTS_start
I_memcpy
I_memset
sysclib_IMPORTS_end

intrman_IMPORTS_start
I_CpuSuspendIntr
I_CpuResumeIntr
I_EnableIntr
I_CpuEnableIntr
intrman_IMPORTS_end

thsemap_IMPORTS_start
I_CreateSema
I_DeleteSema
I_SignalSema
I_iSignalSema
I_WaitSema
thsemap_IMPORTS_end

thevent_IMPORTS_start
I_CreateEventFlag
I_WaitEventFlag
I_SetEventFlag
I_iSetEventFlag
thevent_IMPORTS_end

dev9_IMPORTS_start
I_dev9Shutdown
I_dev9IntrEnable
I_dev9IntrDisable
I_dev9RegisterIntrCb
I_dev9DmaTransfer
dev9_IMPORTS_end

sifcmd_IMPORTS_start
I_sceSifInitRpc 
I_sceSifSetRpcQueue 
I_sceSifRegisterRpc 
I_sceSifRpcLoop
I_sceSifSendCmd
sifcmd_IMPORTS_end

sifman_IMPORTS_start
I_sceSifDmaStat
sifman_IMPORTS_end
