intrman_IMPORTS_start
I_RegisterIntrHandler
I_EnableIntr
I_CpuEnableIntr
intrman_IMPORTS_end

thbase_IMPORTS_start
I_CreateThread
I_StartThread
I_SleepThread
thbase_IMPORTS_end

stdio_IMPORTS_start
I_printf
stdio_IMPORTS_end

#ifdef DEV9_SUPPORT
dev9_IMPORTS_start
I_dev9RegisterIntrCb
I_dev9IntrEnable
dev9_IMPORTS_end
#endif

sifman_IMPORTS_start
I_sceSifInit
I_sceSifCheckInit
sifman_IMPORTS_end

sifcmd_IMPORTS_start
I_sceSifInitRpc
I_isceSifSendCmd
I_sceSifSendCmd
sifcmd_IMPORTS_end

dmacman_IMPORTS_start
I_dmac_set_dpcr2
I_dmac_get_dpcr2
dmacman_IMPORTS_end
